{"C:\\Users\\murra\\330-Back-End-Final-Project\\server.js": {"path":"C:\\Users\\murra\\330-Back-End-Final-Project\\server.js","statementMap":{"0":{"start":{"line":2,"column":0},"end":{"line":2,"column":27}},"1":{"start":{"line":3,"column":16},"end":{"line":3,"column":34}},"2":{"start":{"line":5,"column":15},"end":{"line":5,"column":34}},"3":{"start":{"line":7,"column":15},"end":{"line":7,"column":24}},"4":{"start":{"line":8,"column":0},"end":{"line":8,"column":27}},"5":{"start":{"line":10,"column":0},"end":{"line":10,"column":19}},"6":{"start":{"line":12,"column":0},"end":{"line":12,"column":24}}},"fnMap":{},"branchMap":{},"s":{"0":3,"1":3,"2":3,"3":3,"4":3,"5":3,"6":3},"f":{},"b":{},"_coverageSchema":"1a1c01bbd47fc00a2c39e90264f33305004495a9","hash":"328550fee1bec62ac582cf2b0145c59e8f042df0"}
,"C:\\Users\\murra\\330-Back-End-Final-Project\\test-utils.js": {"path":"C:\\Users\\murra\\330-Back-End-Final-Project\\test-utils.js","statementMap":{"0":{"start":{"line":1,"column":17},"end":{"line":1,"column":36}},"1":{"start":{"line":2,"column":15},"end":{"line":2,"column":69}},"2":{"start":{"line":4,"column":0},"end":{"line":4,"column":20}},"3":{"start":{"line":6,"column":0},"end":{"line":9,"column":2}},"4":{"start":{"line":7,"column":2},"end":{"line":7,"column":52}},"5":{"start":{"line":8,"column":2},"end":{"line":8,"column":56}},"6":{"start":{"line":8,"column":38},"end":{"line":8,"column":53}},"7":{"start":{"line":11,"column":0},"end":{"line":13,"column":2}},"8":{"start":{"line":12,"column":2},"end":{"line":12,"column":30}},"9":{"start":{"line":15,"column":0},"end":{"line":17,"column":2}},"10":{"start":{"line":16,"column":2},"end":{"line":16,"column":63}},"11":{"start":{"line":16,"column":42},"end":{"line":16,"column":60}},"12":{"start":{"line":19,"column":0},"end":{"line":25,"column":2}},"13":{"start":{"line":20,"column":17},"end":{"line":20,"column":50}},"14":{"start":{"line":21,"column":2},"end":{"line":23,"column":3}},"15":{"start":{"line":22,"column":4},"end":{"line":22,"column":39}},"16":{"start":{"line":24,"column":2},"end":{"line":24,"column":16}},"17":{"start":{"line":27,"column":0},"end":{"line":33,"column":2}},"18":{"start":{"line":28,"column":18},"end":{"line":28,"column":48}},"19":{"start":{"line":29,"column":2},"end":{"line":31,"column":5}},"20":{"start":{"line":30,"column":4},"end":{"line":30,"column":39}},"21":{"start":{"line":32,"column":2},"end":{"line":32,"column":17}}},"fnMap":{"0":{"name":"(anonymous_0)","decl":{"start":{"line":6,"column":27},"end":{"line":6,"column":28}},"loc":{"start":{"line":6,"column":39},"end":{"line":9,"column":1}},"line":6},"1":{"name":"(anonymous_1)","decl":{"start":{"line":8,"column":31},"end":{"line":8,"column":32}},"loc":{"start":{"line":8,"column":38},"end":{"line":8,"column":53}},"line":8},"2":{"name":"(anonymous_2)","decl":{"start":{"line":11,"column":24},"end":{"line":11,"column":25}},"loc":{"start":{"line":11,"column":36},"end":{"line":13,"column":1}},"line":11},"3":{"name":"(anonymous_3)","decl":{"start":{"line":15,"column":25},"end":{"line":15,"column":26}},"loc":{"start":{"line":15,"column":37},"end":{"line":17,"column":1}},"line":15},"4":{"name":"(anonymous_4)","decl":{"start":{"line":16,"column":31},"end":{"line":16,"column":32}},"loc":{"start":{"line":16,"column":42},"end":{"line":16,"column":60}},"line":16},"5":{"name":"(anonymous_5)","decl":{"start":{"line":19,"column":25},"end":{"line":19,"column":26}},"loc":{"start":{"line":19,"column":49},"end":{"line":25,"column":1}},"line":19},"6":{"name":"(anonymous_6)","decl":{"start":{"line":27,"column":22},"end":{"line":27,"column":23}},"loc":{"start":{"line":27,"column":46},"end":{"line":33,"column":1}},"line":27},"7":{"name":"(anonymous_7)","decl":{"start":{"line":29,"column":18},"end":{"line":29,"column":19}},"loc":{"start":{"line":29,"column":30},"end":{"line":31,"column":3}},"line":29}},"branchMap":{"0":{"loc":{"start":{"line":21,"column":2},"end":{"line":23,"column":3}},"type":"if","locations":[{"start":{"line":21,"column":2},"end":{"line":23,"column":3}},{"start":{},"end":{}}],"line":21}},"s":{"0":3,"1":3,"2":3,"3":3,"4":3,"5":3,"6":6,"7":3,"8":3,"9":3,"10":15,"11":30,"12":3,"13":0,"14":0,"15":0,"16":0,"17":3,"18":0,"19":0,"20":0,"21":0},"f":{"0":3,"1":6,"2":3,"3":15,"4":30,"5":0,"6":0,"7":0},"b":{"0":[0,0]},"_coverageSchema":"1a1c01bbd47fc00a2c39e90264f33305004495a9","hash":"9990a7c862f96e08c26a94da34264924025c4de3"}
,"C:\\Users\\murra\\330-Back-End-Final-Project\\daos\\auth.js": {"path":"C:\\Users\\murra\\330-Back-End-Final-Project\\daos\\auth.js","statementMap":{"0":{"start":{"line":3,"column":13},"end":{"line":3,"column":38}},"1":{"start":{"line":4,"column":12},"end":{"line":4,"column":35}},"2":{"start":{"line":6,"column":17},"end":{"line":15,"column":1}},"3":{"start":{"line":7,"column":40},"end":{"line":7,"column":48}},"4":{"start":{"line":8,"column":2},"end":{"line":14,"column":3}},"5":{"start":{"line":9,"column":17},"end":{"line":9,"column":56}},"6":{"start":{"line":10,"column":4},"end":{"line":10,"column":22}},"7":{"start":{"line":11,"column":4},"end":{"line":11,"column":70}},"8":{"start":{"line":13,"column":4},"end":{"line":13,"column":49}},"9":{"start":{"line":17,"column":14},"end":{"line":37,"column":1}},"10":{"start":{"line":18,"column":30},"end":{"line":18,"column":38}},"11":{"start":{"line":19,"column":2},"end":{"line":36,"column":3}},"12":{"start":{"line":20,"column":17},"end":{"line":20,"column":46}},"13":{"start":{"line":21,"column":4},"end":{"line":21,"column":79}},"14":{"start":{"line":21,"column":15},"end":{"line":21,"column":79}},"15":{"start":{"line":23,"column":20},"end":{"line":23,"column":54}},"16":{"start":{"line":24,"column":4},"end":{"line":25,"column":70}},"17":{"start":{"line":25,"column":6},"end":{"line":25,"column":70}},"18":{"start":{"line":27,"column":18},"end":{"line":29,"column":6}},"19":{"start":{"line":31,"column":4},"end":{"line":33,"column":71}},"20":{"start":{"line":35,"column":4},"end":{"line":35,"column":49}},"21":{"start":{"line":39,"column":0},"end":{"line":39,"column":37}}},"fnMap":{"0":{"name":"(anonymous_0)","decl":{"start":{"line":6,"column":17},"end":{"line":6,"column":18}},"loc":{"start":{"line":6,"column":37},"end":{"line":15,"column":1}},"line":6},"1":{"name":"(anonymous_1)","decl":{"start":{"line":17,"column":14},"end":{"line":17,"column":15}},"loc":{"start":{"line":17,"column":34},"end":{"line":37,"column":1}},"line":17}},"branchMap":{"0":{"loc":{"start":{"line":21,"column":4},"end":{"line":21,"column":79}},"type":"if","locations":[{"start":{"line":21,"column":4},"end":{"line":21,"column":79}},{"start":{},"end":{}}],"line":21},"1":{"loc":{"start":{"line":24,"column":4},"end":{"line":25,"column":70}},"type":"if","locations":[{"start":{"line":24,"column":4},"end":{"line":25,"column":70}},{"start":{},"end":{}}],"line":24}},"s":{"0":3,"1":3,"2":3,"3":6,"4":6,"5":6,"6":6,"7":5,"8":1,"9":3,"10":5,"11":5,"12":5,"13":5,"14":1,"15":4,"16":4,"17":1,"18":3,"19":3,"20":0,"21":3},"f":{"0":6,"1":5},"b":{"0":[1,4],"1":[1,3]},"_coverageSchema":"1a1c01bbd47fc00a2c39e90264f33305004495a9","hash":"d38e680773421b2771f760441b01fd5bc31fd43f"}
,"C:\\Users\\murra\\330-Back-End-Final-Project\\daos\\recipe.js": {"path":"C:\\Users\\murra\\330-Back-End-Final-Project\\daos\\recipe.js","statementMap":{"0":{"start":{"line":3,"column":15},"end":{"line":3,"column":42}},"1":{"start":{"line":5,"column":21},"end":{"line":20,"column":1}},"2":{"start":{"line":6,"column":53},"end":{"line":6,"column":61}},"3":{"start":{"line":7,"column":2},"end":{"line":19,"column":3}},"4":{"start":{"line":8,"column":19},"end":{"line":14,"column":6}},"5":{"start":{"line":15,"column":4},"end":{"line":15,"column":24}},"6":{"start":{"line":16,"column":4},"end":{"line":16,"column":33}},"7":{"start":{"line":18,"column":4},"end":{"line":18,"column":49}},"8":{"start":{"line":22,"column":19},"end":{"line":29,"column":1}},"9":{"start":{"line":23,"column":2},"end":{"line":28,"column":3}},"10":{"start":{"line":24,"column":20},"end":{"line":24,"column":70}},"11":{"start":{"line":25,"column":4},"end":{"line":25,"column":34}},"12":{"start":{"line":27,"column":4},"end":{"line":27,"column":49}},"13":{"start":{"line":31,"column":22},"end":{"line":45,"column":1}},"14":{"start":{"line":32,"column":2},"end":{"line":44,"column":3}},"15":{"start":{"line":33,"column":21},"end":{"line":33,"column":34}},"16":{"start":{"line":34,"column":4},"end":{"line":34,"column":53}},"17":{"start":{"line":35,"column":19},"end":{"line":35,"column":57}},"18":{"start":{"line":36,"column":4},"end":{"line":39,"column":5}},"19":{"start":{"line":37,"column":6},"end":{"line":37,"column":51}},"20":{"start":{"line":38,"column":6},"end":{"line":38,"column":67}},"21":{"start":{"line":40,"column":4},"end":{"line":40,"column":21}},"22":{"start":{"line":42,"column":4},"end":{"line":42,"column":23}},"23":{"start":{"line":43,"column":4},"end":{"line":43,"column":49}},"24":{"start":{"line":47,"column":21},"end":{"line":64,"column":1}},"25":{"start":{"line":48,"column":53},"end":{"line":48,"column":61}},"26":{"start":{"line":49,"column":2},"end":{"line":63,"column":3}},"27":{"start":{"line":50,"column":19},"end":{"line":50,"column":55}},"28":{"start":{"line":51,"column":4},"end":{"line":51,"column":78}},"29":{"start":{"line":51,"column":17},"end":{"line":51,"column":78}},"30":{"start":{"line":52,"column":4},"end":{"line":53,"column":63}},"31":{"start":{"line":53,"column":6},"end":{"line":53,"column":63}},"32":{"start":{"line":55,"column":4},"end":{"line":55,"column":41}},"33":{"start":{"line":56,"column":4},"end":{"line":56,"column":59}},"34":{"start":{"line":57,"column":4},"end":{"line":57,"column":62}},"35":{"start":{"line":58,"column":4},"end":{"line":58,"column":38}},"36":{"start":{"line":59,"column":4},"end":{"line":59,"column":24}},"37":{"start":{"line":60,"column":4},"end":{"line":60,"column":21}},"38":{"start":{"line":62,"column":4},"end":{"line":62,"column":49}},"39":{"start":{"line":66,"column":21},"end":{"line":78,"column":1}},"40":{"start":{"line":67,"column":2},"end":{"line":77,"column":3}},"41":{"start":{"line":68,"column":19},"end":{"line":68,"column":55}},"42":{"start":{"line":69,"column":4},"end":{"line":69,"column":78}},"43":{"start":{"line":69,"column":17},"end":{"line":69,"column":78}},"44":{"start":{"line":70,"column":4},"end":{"line":71,"column":63}},"45":{"start":{"line":71,"column":6},"end":{"line":71,"column":63}},"46":{"start":{"line":73,"column":4},"end":{"line":73,"column":26}},"47":{"start":{"line":74,"column":4},"end":{"line":74,"column":44}},"48":{"start":{"line":76,"column":4},"end":{"line":76,"column":49}},"49":{"start":{"line":80,"column":22},"end":{"line":96,"column":1}},"50":{"start":{"line":81,"column":2},"end":{"line":95,"column":3}},"51":{"start":{"line":82,"column":22},"end":{"line":82,"column":31}},"52":{"start":{"line":83,"column":4},"end":{"line":83,"column":58}},"53":{"start":{"line":84,"column":20},"end":{"line":86,"column":13}},"54":{"start":{"line":87,"column":4},"end":{"line":90,"column":5}},"55":{"start":{"line":88,"column":6},"end":{"line":88,"column":59}},"56":{"start":{"line":89,"column":6},"end":{"line":89,"column":67}},"57":{"start":{"line":91,"column":4},"end":{"line":91,"column":22}},"58":{"start":{"line":93,"column":4},"end":{"line":93,"column":23}},"59":{"start":{"line":94,"column":4},"end":{"line":94,"column":49}},"60":{"start":{"line":98,"column":0},"end":{"line":105,"column":2}}},"fnMap":{"0":{"name":"(anonymous_0)","decl":{"start":{"line":5,"column":21},"end":{"line":5,"column":22}},"loc":{"start":{"line":5,"column":41},"end":{"line":20,"column":1}},"line":5},"1":{"name":"(anonymous_1)","decl":{"start":{"line":22,"column":19},"end":{"line":22,"column":20}},"loc":{"start":{"line":22,"column":39},"end":{"line":29,"column":1}},"line":22},"2":{"name":"(anonymous_2)","decl":{"start":{"line":31,"column":22},"end":{"line":31,"column":23}},"loc":{"start":{"line":31,"column":42},"end":{"line":45,"column":1}},"line":31},"3":{"name":"(anonymous_3)","decl":{"start":{"line":47,"column":21},"end":{"line":47,"column":22}},"loc":{"start":{"line":47,"column":41},"end":{"line":64,"column":1}},"line":47},"4":{"name":"(anonymous_4)","decl":{"start":{"line":66,"column":21},"end":{"line":66,"column":22}},"loc":{"start":{"line":66,"column":41},"end":{"line":78,"column":1}},"line":66},"5":{"name":"(anonymous_5)","decl":{"start":{"line":80,"column":22},"end":{"line":80,"column":23}},"loc":{"start":{"line":80,"column":42},"end":{"line":96,"column":1}},"line":80}},"branchMap":{"0":{"loc":{"start":{"line":36,"column":4},"end":{"line":39,"column":5}},"type":"if","locations":[{"start":{"line":36,"column":4},"end":{"line":39,"column":5}},{"start":{},"end":{}}],"line":36},"1":{"loc":{"start":{"line":51,"column":4},"end":{"line":51,"column":78}},"type":"if","locations":[{"start":{"line":51,"column":4},"end":{"line":51,"column":78}},{"start":{},"end":{}}],"line":51},"2":{"loc":{"start":{"line":52,"column":4},"end":{"line":53,"column":63}},"type":"if","locations":[{"start":{"line":52,"column":4},"end":{"line":53,"column":63}},{"start":{},"end":{}}],"line":52},"3":{"loc":{"start":{"line":55,"column":19},"end":{"line":55,"column":40}},"type":"binary-expr","locations":[{"start":{"line":55,"column":19},"end":{"line":55,"column":24}},{"start":{"line":55,"column":28},"end":{"line":55,"column":40}}],"line":55},"4":{"loc":{"start":{"line":56,"column":25},"end":{"line":56,"column":58}},"type":"binary-expr","locations":[{"start":{"line":56,"column":25},"end":{"line":56,"column":36}},{"start":{"line":56,"column":40},"end":{"line":56,"column":58}}],"line":56},"5":{"loc":{"start":{"line":57,"column":26},"end":{"line":57,"column":61}},"type":"binary-expr","locations":[{"start":{"line":57,"column":26},"end":{"line":57,"column":38}},{"start":{"line":57,"column":42},"end":{"line":57,"column":61}}],"line":57},"6":{"loc":{"start":{"line":58,"column":18},"end":{"line":58,"column":37}},"type":"binary-expr","locations":[{"start":{"line":58,"column":18},"end":{"line":58,"column":22}},{"start":{"line":58,"column":26},"end":{"line":58,"column":37}}],"line":58},"7":{"loc":{"start":{"line":69,"column":4},"end":{"line":69,"column":78}},"type":"if","locations":[{"start":{"line":69,"column":4},"end":{"line":69,"column":78}},{"start":{},"end":{}}],"line":69},"8":{"loc":{"start":{"line":70,"column":4},"end":{"line":71,"column":63}},"type":"if","locations":[{"start":{"line":70,"column":4},"end":{"line":71,"column":63}},{"start":{},"end":{}}],"line":70},"9":{"loc":{"start":{"line":87,"column":4},"end":{"line":90,"column":5}},"type":"if","locations":[{"start":{"line":87,"column":4},"end":{"line":90,"column":5}},{"start":{},"end":{}}],"line":87}},"s":{"0":3,"1":3,"2":2,"3":2,"4":2,"5":2,"6":2,"7":0,"8":3,"9":1,"10":1,"11":1,"12":0,"13":3,"14":2,"15":2,"16":2,"17":2,"18":2,"19":2,"20":2,"21":0,"22":0,"23":0,"24":3,"25":0,"26":0,"27":0,"28":0,"29":0,"30":0,"31":0,"32":0,"33":0,"34":0,"35":0,"36":0,"37":0,"38":0,"39":3,"40":0,"41":0,"42":0,"43":0,"44":0,"45":0,"46":0,"47":0,"48":0,"49":3,"50":2,"51":2,"52":2,"53":2,"54":2,"55":1,"56":1,"57":1,"58":0,"59":0,"60":3},"f":{"0":2,"1":1,"2":2,"3":0,"4":0,"5":2},"b":{"0":[2,0],"1":[0,0],"2":[0,0],"3":[0,0],"4":[0,0],"5":[0,0],"6":[0,0],"7":[0,0],"8":[0,0],"9":[1,1]},"_coverageSchema":"1a1c01bbd47fc00a2c39e90264f33305004495a9","hash":"aad133699ac90e31aea0b283c7d1c9a9e11b46cf"}
,"C:\\Users\\murra\\330-Back-End-Final-Project\\daos\\user.js": {"path":"C:\\Users\\murra\\330-Back-End-Final-Project\\daos\\user.js","statementMap":{"0":{"start":{"line":3,"column":13},"end":{"line":3,"column":38}},"1":{"start":{"line":5,"column":23},"end":{"line":13,"column":1}},"2":{"start":{"line":6,"column":2},"end":{"line":12,"column":3}},"3":{"start":{"line":7,"column":17},"end":{"line":7,"column":69}},"4":{"start":{"line":8,"column":4},"end":{"line":8,"column":74}},"5":{"start":{"line":8,"column":15},"end":{"line":8,"column":74}},"6":{"start":{"line":9,"column":4},"end":{"line":9,"column":19}},"7":{"start":{"line":11,"column":4},"end":{"line":11,"column":49}},"8":{"start":{"line":15,"column":0},"end":{"line":15,"column":36}}},"fnMap":{"0":{"name":"(anonymous_0)","decl":{"start":{"line":5,"column":23},"end":{"line":5,"column":24}},"loc":{"start":{"line":5,"column":43},"end":{"line":13,"column":1}},"line":5}},"branchMap":{"0":{"loc":{"start":{"line":8,"column":4},"end":{"line":8,"column":74}},"type":"if","locations":[{"start":{"line":8,"column":4},"end":{"line":8,"column":74}},{"start":{},"end":{}}],"line":8}},"s":{"0":3,"1":3,"2":1,"3":1,"4":1,"5":0,"6":1,"7":0,"8":3},"f":{"0":1},"b":{"0":[0,1]},"_coverageSchema":"1a1c01bbd47fc00a2c39e90264f33305004495a9","hash":"3198e61d0fe8d1515dc70d931f30403a7685a254"}
,"C:\\Users\\murra\\330-Back-End-Final-Project\\middleware\\authenticate.js": {"path":"C:\\Users\\murra\\330-Back-End-Final-Project\\middleware\\authenticate.js","statementMap":{"0":{"start":{"line":2,"column":0},"end":{"line":2,"column":27}},"1":{"start":{"line":3,"column":12},"end":{"line":3,"column":35}},"2":{"start":{"line":4,"column":13},"end":{"line":4,"column":38}},"3":{"start":{"line":6,"column":21},"end":{"line":25,"column":1}},"4":{"start":{"line":7,"column":16},"end":{"line":7,"column":67}},"5":{"start":{"line":8,"column":2},"end":{"line":10,"column":3}},"6":{"start":{"line":9,"column":4},"end":{"line":9,"column":66}},"7":{"start":{"line":12,"column":2},"end":{"line":24,"column":3}},"8":{"start":{"line":13,"column":20},"end":{"line":13,"column":61}},"9":{"start":{"line":14,"column":4},"end":{"line":14,"column":43}},"10":{"start":{"line":15,"column":17},"end":{"line":15,"column":48}},"11":{"start":{"line":16,"column":4},"end":{"line":18,"column":5}},"12":{"start":{"line":17,"column":6},"end":{"line":17,"column":65}},"13":{"start":{"line":19,"column":4},"end":{"line":19,"column":20}},"14":{"start":{"line":20,"column":4},"end":{"line":20,"column":11}},"15":{"start":{"line":22,"column":4},"end":{"line":22,"column":39}},"16":{"start":{"line":23,"column":4},"end":{"line":23,"column":55}},"17":{"start":{"line":27,"column":0},"end":{"line":27,"column":30}}},"fnMap":{"0":{"name":"(anonymous_0)","decl":{"start":{"line":6,"column":21},"end":{"line":6,"column":22}},"loc":{"start":{"line":6,"column":47},"end":{"line":25,"column":1}},"line":6}},"branchMap":{"0":{"loc":{"start":{"line":8,"column":2},"end":{"line":10,"column":3}},"type":"if","locations":[{"start":{"line":8,"column":2},"end":{"line":10,"column":3}},{"start":{},"end":{}}],"line":8},"1":{"loc":{"start":{"line":16,"column":4},"end":{"line":18,"column":5}},"type":"if","locations":[{"start":{"line":16,"column":4},"end":{"line":18,"column":5}},{"start":{},"end":{}}],"line":16}},"s":{"0":3,"1":3,"2":3,"3":3,"4":6,"5":6,"6":0,"7":6,"8":6,"9":6,"10":6,"11":6,"12":3,"13":3,"14":3,"15":0,"16":0,"17":3},"f":{"0":6},"b":{"0":[0,6],"1":[3,3]},"_coverageSchema":"1a1c01bbd47fc00a2c39e90264f33305004495a9","hash":"b030aad33cc834592f15ba555f06e5192651ced8"}
,"C:\\Users\\murra\\330-Back-End-Final-Project\\middleware\\authorize.js": {"path":"C:\\Users\\murra\\330-Back-End-Final-Project\\middleware\\authorize.js","statementMap":{"0":{"start":{"line":1,"column":0},"end":{"line":1,"column":27}},"1":{"start":{"line":2,"column":15},"end":{"line":2,"column":42}},"2":{"start":{"line":4,"column":18},"end":{"line":21,"column":1}},"3":{"start":{"line":5,"column":2},"end":{"line":20,"column":3}},"4":{"start":{"line":6,"column":19},"end":{"line":6,"column":56}},"5":{"start":{"line":7,"column":4},"end":{"line":9,"column":5}},"6":{"start":{"line":8,"column":6},"end":{"line":8,"column":20}},"7":{"start":{"line":10,"column":4},"end":{"line":12,"column":5}},"8":{"start":{"line":11,"column":6},"end":{"line":11,"column":63}},"9":{"start":{"line":13,"column":4},"end":{"line":13,"column":24}},"10":{"start":{"line":14,"column":4},"end":{"line":14,"column":11}},"11":{"start":{"line":16,"column":4},"end":{"line":18,"column":5}},"12":{"start":{"line":17,"column":6},"end":{"line":17,"column":67}},"13":{"start":{"line":19,"column":4},"end":{"line":19,"column":54}},"14":{"start":{"line":23,"column":0},"end":{"line":23,"column":27}}},"fnMap":{"0":{"name":"(anonymous_0)","decl":{"start":{"line":4,"column":18},"end":{"line":4,"column":19}},"loc":{"start":{"line":4,"column":44},"end":{"line":21,"column":1}},"line":4}},"branchMap":{"0":{"loc":{"start":{"line":7,"column":4},"end":{"line":9,"column":5}},"type":"if","locations":[{"start":{"line":7,"column":4},"end":{"line":9,"column":5}},{"start":{},"end":{}}],"line":7},"1":{"loc":{"start":{"line":10,"column":4},"end":{"line":12,"column":5}},"type":"if","locations":[{"start":{"line":10,"column":4},"end":{"line":12,"column":5}},{"start":{},"end":{}}],"line":10},"2":{"loc":{"start":{"line":16,"column":4},"end":{"line":18,"column":5}},"type":"if","locations":[{"start":{"line":16,"column":4},"end":{"line":18,"column":5}},{"start":{},"end":{}}],"line":16}},"s":{"0":3,"1":3,"2":3,"3":0,"4":0,"5":0,"6":0,"7":0,"8":0,"9":0,"10":0,"11":0,"12":0,"13":0,"14":3},"f":{"0":0},"b":{"0":[0,0],"1":[0,0],"2":[0,0]},"_coverageSchema":"1a1c01bbd47fc00a2c39e90264f33305004495a9","hash":"b3a679123c674bb47c645658eb9dd507748e7543"}
,"C:\\Users\\murra\\330-Back-End-Final-Project\\models\\recipe.js": {"path":"C:\\Users\\murra\\330-Back-End-Final-Project\\models\\recipe.js","statementMap":{"0":{"start":{"line":3,"column":17},"end":{"line":3,"column":36}},"1":{"start":{"line":5,"column":21},"end":{"line":28,"column":2}},"2":{"start":{"line":30,"column":0},"end":{"line":30,"column":73}},"3":{"start":{"line":32,"column":15},"end":{"line":32,"column":53}},"4":{"start":{"line":34,"column":0},"end":{"line":34,"column":24}}},"fnMap":{},"branchMap":{},"s":{"0":3,"1":3,"2":3,"3":3,"4":3},"f":{},"b":{},"_coverageSchema":"1a1c01bbd47fc00a2c39e90264f33305004495a9","hash":"7e253e517df14567657d65b7277afc10bcc15581"}
,"C:\\Users\\murra\\330-Back-End-Final-Project\\models\\user.js": {"path":"C:\\Users\\murra\\330-Back-End-Final-Project\\models\\user.js","statementMap":{"0":{"start":{"line":3,"column":17},"end":{"line":3,"column":36}},"1":{"start":{"line":4,"column":15},"end":{"line":4,"column":32}},"2":{"start":{"line":6,"column":19},"end":{"line":10,"column":2}},"3":{"start":{"line":12,"column":0},"end":{"line":23,"column":3}},"4":{"start":{"line":13,"column":2},"end":{"line":15,"column":3}},"5":{"start":{"line":14,"column":4},"end":{"line":14,"column":18}},"6":{"start":{"line":16,"column":2},"end":{"line":22,"column":3}},"7":{"start":{"line":17,"column":17},"end":{"line":17,"column":41}},"8":{"start":{"line":18,"column":4},"end":{"line":18,"column":59}},"9":{"start":{"line":19,"column":4},"end":{"line":19,"column":11}},"10":{"start":{"line":21,"column":4},"end":{"line":21,"column":16}},"11":{"start":{"line":25,"column":0},"end":{"line":31,"column":2}},"12":{"start":{"line":26,"column":2},"end":{"line":30,"column":3}},"13":{"start":{"line":27,"column":4},"end":{"line":27,"column":64}},"14":{"start":{"line":29,"column":4},"end":{"line":29,"column":27}},"15":{"start":{"line":33,"column":13},"end":{"line":33,"column":47}},"16":{"start":{"line":35,"column":0},"end":{"line":35,"column":22}}},"fnMap":{"0":{"name":"(anonymous_0)","decl":{"start":{"line":12,"column":23},"end":{"line":12,"column":24}},"loc":{"start":{"line":12,"column":45},"end":{"line":23,"column":1}},"line":12},"1":{"name":"(anonymous_1)","decl":{"start":{"line":25,"column":35},"end":{"line":25,"column":36}},"loc":{"start":{"line":25,"column":68},"end":{"line":31,"column":1}},"line":25}},"branchMap":{"0":{"loc":{"start":{"line":13,"column":2},"end":{"line":15,"column":3}},"type":"if","locations":[{"start":{"line":13,"column":2},"end":{"line":15,"column":3}},{"start":{},"end":{}}],"line":13}},"s":{"0":3,"1":3,"2":3,"3":3,"4":8,"5":0,"6":8,"7":8,"8":8,"9":8,"10":0,"11":3,"12":4,"13":4,"14":0,"15":3,"16":3},"f":{"0":8,"1":4},"b":{"0":[0,8]},"_coverageSchema":"1a1c01bbd47fc00a2c39e90264f33305004495a9","hash":"07ccb0949c577b51e22194eab0dd554a0fa94914"}
,"C:\\Users\\murra\\330-Back-End-Final-Project\\routes\\auth.js": {"path":"C:\\Users\\murra\\330-Back-End-Final-Project\\routes\\auth.js","statementMap":{"0":{"start":{"line":3,"column":16},"end":{"line":3,"column":34}},"1":{"start":{"line":4,"column":28},"end":{"line":4,"column":51}},"2":{"start":{"line":6,"column":15},"end":{"line":6,"column":31}},"3":{"start":{"line":8,"column":0},"end":{"line":8,"column":33}},"4":{"start":{"line":9,"column":0},"end":{"line":9,"column":29}},"5":{"start":{"line":11,"column":0},"end":{"line":11,"column":24}}},"fnMap":{},"branchMap":{},"s":{"0":3,"1":3,"2":3,"3":3,"4":3,"5":3},"f":{},"b":{},"_coverageSchema":"1a1c01bbd47fc00a2c39e90264f33305004495a9","hash":"29332d14eb680a03e169eb8d798c0c91411e5273"}
,"C:\\Users\\murra\\330-Back-End-Final-Project\\routes\\index.js": {"path":"C:\\Users\\murra\\330-Back-End-Final-Project\\routes\\index.js","statementMap":{"0":{"start":{"line":1,"column":19},"end":{"line":1,"column":37}},"1":{"start":{"line":2,"column":15},"end":{"line":2,"column":23}},"2":{"start":{"line":4,"column":19},"end":{"line":4,"column":36}},"3":{"start":{"line":5,"column":21},"end":{"line":5,"column":40}},"4":{"start":{"line":6,"column":19},"end":{"line":6,"column":36}},"5":{"start":{"line":8,"column":0},"end":{"line":8,"column":32}},"6":{"start":{"line":9,"column":0},"end":{"line":9,"column":36}},"7":{"start":{"line":10,"column":0},"end":{"line":10,"column":32}},"8":{"start":{"line":12,"column":0},"end":{"line":12,"column":24}}},"fnMap":{},"branchMap":{},"s":{"0":3,"1":3,"2":3,"3":3,"4":3,"5":3,"6":3,"7":3,"8":3},"f":{},"b":{},"_coverageSchema":"1a1c01bbd47fc00a2c39e90264f33305004495a9","hash":"006e97df1aad428a885f7066e624af1fb539338c"}
,"C:\\Users\\murra\\330-Back-End-Final-Project\\routes\\recipe.js": {"path":"C:\\Users\\murra\\330-Back-End-Final-Project\\routes\\recipe.js","statementMap":{"0":{"start":{"line":3,"column":16},"end":{"line":3,"column":34}},"1":{"start":{"line":11,"column":4},"end":{"line":11,"column":29}},"2":{"start":{"line":12,"column":21},"end":{"line":12,"column":58}},"3":{"start":{"line":13,"column":18},"end":{"line":13,"column":52}},"4":{"start":{"line":15,"column":15},"end":{"line":15,"column":31}},"5":{"start":{"line":17,"column":0},"end":{"line":17,"column":45}},"6":{"start":{"line":18,"column":0},"end":{"line":18,"column":28}},"7":{"start":{"line":19,"column":0},"end":{"line":19,"column":37}},"8":{"start":{"line":20,"column":0},"end":{"line":20,"column":34}},"9":{"start":{"line":21,"column":0},"end":{"line":21,"column":58}},"10":{"start":{"line":22,"column":0},"end":{"line":22,"column":61}},"11":{"start":{"line":24,"column":0},"end":{"line":24,"column":24}}},"fnMap":{},"branchMap":{},"s":{"0":3,"1":3,"2":3,"3":3,"4":3,"5":3,"6":3,"7":3,"8":3,"9":3,"10":3,"11":3},"f":{},"b":{},"_coverageSchema":"1a1c01bbd47fc00a2c39e90264f33305004495a9","hash":"5b3b6339cde23bab552a0d8f62690cd702afd705"}
,"C:\\Users\\murra\\330-Back-End-Final-Project\\routes\\user.js": {"path":"C:\\Users\\murra\\330-Back-End-Final-Project\\routes\\user.js","statementMap":{"0":{"start":{"line":3,"column":16},"end":{"line":3,"column":34}},"1":{"start":{"line":4,"column":27},"end":{"line":4,"column":50}},"2":{"start":{"line":5,"column":21},"end":{"line":5,"column":58}},"3":{"start":{"line":7,"column":15},"end":{"line":7,"column":31}},"4":{"start":{"line":9,"column":0},"end":{"line":9,"column":53}},"5":{"start":{"line":11,"column":0},"end":{"line":11,"column":24}}},"fnMap":{},"branchMap":{},"s":{"0":3,"1":3,"2":3,"3":3,"4":3,"5":3},"f":{},"b":{},"_coverageSchema":"1a1c01bbd47fc00a2c39e90264f33305004495a9","hash":"2b8102fa09d2ce53b3d93f9f1b55cdd2657227ad"}
}
