TN:
SF:server.js
FNF:0
FNH:0
DA:1,3
DA:2,3
DA:4,3
DA:6,3
DA:7,3
DA:9,3
DA:11,3
LF:7
LH:7
BRF:0
BRH:0
end_of_record
TN:
SF:test-utils.js
FN:6,(anonymous_0)
FN:8,(anonymous_1)
FN:11,(anonymous_2)
FN:15,(anonymous_3)
FN:16,(anonymous_4)
FN:19,(anonymous_5)
FN:27,(anonymous_6)
FN:29,(anonymous_7)
FNF:8
FNH:5
FNDA:15,(anonymous_0)
FNDA:30,(anonymous_1)
FNDA:3,(anonymous_2)
FNDA:21,(anonymous_3)
FNDA:42,(anonymous_4)
FNDA:0,(anonymous_5)
FNDA:0,(anonymous_6)
FNDA:0,(anonymous_7)
DA:1,3
DA:2,3
DA:4,3
DA:6,3
DA:7,15
DA:8,30
DA:11,3
DA:12,3
DA:15,3
DA:16,42
DA:19,3
DA:20,0
DA:21,0
DA:22,0
DA:24,0
DA:27,3
DA:28,0
DA:29,0
DA:30,0
DA:32,0
LF:20
LH:12
BRDA:21,0,0,0
BRDA:21,0,1,0
BRF:2
BRH:0
end_of_record
TN:
SF:daos\auth.js
FN:4,(anonymous_0)
FN:24,(anonymous_1)
FNF:2
FNH:2
FNDA:20,(anonymous_0)
FNDA:17,(anonymous_1)
DA:1,3
DA:2,3
DA:4,3
DA:5,20
DA:6,20
DA:7,20
DA:8,20
DA:9,1
DA:12,19
DA:13,19
DA:14,1
DA:16,18
DA:17,18
DA:18,17
DA:20,1
DA:24,3
DA:25,17
DA:26,17
DA:27,17
DA:28,17
DA:30,16
DA:31,16
DA:32,1
DA:34,15
DA:38,15
DA:42,0
DA:46,3
LF:27
LH:26
BRDA:8,0,0,1
BRDA:8,0,1,19
BRDA:13,1,0,1
BRDA:13,1,1,18
BRDA:28,2,0,1
BRDA:28,2,1,16
BRDA:31,3,0,1
BRDA:31,3,1,15
BRF:8
BRH:8
end_of_record
TN:
SF:daos\recipe.js
FN:3,(anonymous_0)
FN:41,(anonymous_1)
FN:50,(anonymous_2)
FN:66,(anonymous_3)
FN:85,(anonymous_4)
FN:105,(anonymous_5)
FNF:6
FNH:6
FNDA:18,(anonymous_0)
FNDA:1,(anonymous_1)
FNDA:2,(anonymous_2)
FNDA:2,(anonymous_3)
FNDA:2,(anonymous_4)
FNDA:2,(anonymous_5)
DA:1,3
DA:3,3
DA:4,18
DA:6,18
DA:7,1
DA:11,17
DA:12,1
DA:16,16
DA:17,1
DA:21,15
DA:22,1
DA:26,14
DA:27,14
DA:34,14
DA:35,14
DA:37,0
DA:41,3
DA:42,1
DA:43,1
DA:44,1
DA:46,0
DA:50,3
DA:51,2
DA:52,2
DA:53,2
DA:54,2
DA:55,2
DA:56,1
DA:57,1
DA:59,1
DA:61,0
DA:62,0
DA:66,3
DA:67,2
DA:68,2
DA:69,2
DA:70,2
DA:71,2
DA:72,1
DA:74,1
DA:75,1
DA:76,1
DA:77,1
DA:78,1
DA:79,1
DA:81,0
DA:85,3
DA:86,2
DA:87,2
DA:88,2
DA:89,0
DA:92,2
DA:93,1
DA:95,1
DA:96,1
DA:98,1
DA:99,1
DA:101,0
DA:105,3
DA:106,2
DA:107,2
DA:108,2
DA:109,2
DA:112,2
DA:113,1
DA:114,1
DA:116,1
DA:118,0
DA:119,0
DA:123,3
LF:70
LH:61
BRDA:6,0,0,1
BRDA:6,0,1,17
BRDA:6,1,0,18
BRDA:6,1,1,17
BRDA:11,2,0,1
BRDA:11,2,1,16
BRDA:11,3,0,17
BRDA:11,3,1,16
BRDA:16,4,0,1
BRDA:16,4,1,15
BRDA:16,5,0,16
BRDA:16,5,1,15
BRDA:21,6,0,1
BRDA:21,6,1,14
BRDA:55,7,0,1
BRDA:55,7,1,1
BRDA:70,8,0,0
BRDA:70,8,1,2
BRDA:71,9,0,1
BRDA:71,9,1,1
BRDA:74,10,0,1
BRDA:74,10,1,0
BRDA:75,11,0,1
BRDA:75,11,1,1
BRDA:76,12,0,1
BRDA:76,12,1,1
BRDA:77,13,0,1
BRDA:77,13,1,1
BRDA:88,14,0,0
BRDA:88,14,1,2
BRDA:92,15,0,1
BRDA:92,15,1,1
BRDA:112,16,0,1
BRDA:112,16,1,1
BRF:34
BRH:31
end_of_record
TN:
SF:daos\user.js
FN:3,(anonymous_0)
FNF:1
FNH:1
FNDA:1,(anonymous_0)
DA:1,3
DA:3,3
DA:4,1
DA:5,1
DA:6,1
DA:7,1
DA:9,0
DA:13,3
LF:8
LH:7
BRDA:6,0,0,0
BRDA:6,0,1,1
BRF:2
BRH:1
end_of_record
TN:
SF:middleware\authenticate.js
FN:5,(anonymous_0)
FNF:1
FNH:1
FNDA:23,(anonymous_0)
DA:1,3
DA:2,3
DA:3,3
DA:5,3
DA:6,23
DA:7,23
DA:8,0
DA:11,23
DA:12,23
DA:13,23
DA:14,23
DA:15,23
DA:16,0
DA:18,23
DA:19,23
DA:21,0
DA:22,0
DA:26,3
LF:18
LH:14
BRDA:7,0,0,0
BRDA:7,0,1,23
BRDA:15,1,0,0
BRDA:15,1,1,23
BRF:4
BRH:2
end_of_record
TN:
SF:middleware\authorize.js
FN:4,(anonymous_0)
FNF:1
FNH:1
FNDA:4,(anonymous_0)
DA:1,3
DA:2,3
DA:4,3
DA:5,4
DA:6,4
DA:7,4
DA:8,4
DA:10,0
DA:11,0
DA:13,0
DA:14,0
DA:16,0
DA:17,0
DA:19,0
DA:23,3
LF:15
LH:8
BRDA:7,0,0,4
BRDA:7,0,1,0
BRDA:10,1,0,0
BRDA:10,1,1,0
BRDA:16,2,0,0
BRDA:16,2,1,0
BRF:6
BRH:1
end_of_record
TN:
SF:models\recipe.js
FNF:0
FNH:0
DA:1,3
DA:3,3
DA:28,3
DA:30,3
DA:32,3
LF:5
LH:5
BRF:0
BRH:0
end_of_record
TN:
SF:models\user.js
FN:10,(anonymous_0)
FN:23,(anonymous_1)
FNF:2
FNH:2
FNDA:21,(anonymous_0)
FNDA:16,(anonymous_1)
DA:1,3
DA:2,3
DA:4,3
DA:10,3
DA:11,21
DA:12,0
DA:14,21
DA:15,21
DA:16,21
DA:17,21
DA:19,0
DA:23,3
DA:24,16
DA:25,16
DA:27,0
DA:31,3
DA:33,3
LF:17
LH:14
BRDA:11,0,0,0
BRDA:11,0,1,21
BRF:2
BRH:1
end_of_record
TN:
SF:routes\auth.js
FNF:0
FNH:0
DA:1,3
DA:2,3
DA:4,3
DA:6,3
DA:7,3
DA:9,3
LF:6
LH:6
BRF:0
BRH:0
end_of_record
TN:
SF:routes\index.js
FNF:0
FNH:0
DA:1,3
DA:2,3
DA:4,3
DA:5,3
DA:6,3
DA:8,3
DA:9,3
DA:10,3
DA:12,3
LF:9
LH:9
BRF:0
BRH:0
end_of_record
TN:
SF:routes\recipe.js
FNF:0
FNH:0
DA:1,3
DA:9,3
DA:10,3
DA:11,3
DA:13,3
DA:15,3
DA:16,3
DA:17,3
DA:18,3
DA:19,3
DA:20,3
DA:22,3
LF:12
LH:12
BRF:0
BRH:0
end_of_record
TN:
SF:routes\user.js
FNF:0
FNH:0
DA:1,3
DA:2,3
DA:3,3
DA:5,3
DA:7,3
DA:9,3
LF:6
LH:6
BRF:0
BRH:0
end_of_record
